::1 - - [25/May/2022:22:01:57 +0000] "GET /users?skip=0&limit=10 HTTP/1.1" 500 1290 "-" "PostmanRuntime/7.29.0"
::1 - - [25/May/2022:22:04:22 +0000] "GET /users?skip=0&limit=10 HTTP/1.1" 200 2361 "-" "PostmanRuntime/7.29.0"
::1 - - [25/May/2022:22:05:12 +0000] "GET /users?skip=0&limit=10 HTTP/1.1" 200 2382 "-" "PostmanRuntime/7.29.0"
::1 - - [25/May/2022:22:06:00 +0000] "GET /users?skip=10&limit=10 HTTP/1.1" 200 1748 "-" "PostmanRuntime/7.29.0"
::1 - - [25/May/2022:22:46:28 +0000] "GET /users?filter=Jonh HTTP/1.1" 200 2382 "-" "PostmanRuntime/7.29.0"
::1 - - [25/May/2022:22:47:17 +0000] "GET /users/findByName?filter=Jonh HTTP/1.1" 200 22 "-" "PostmanRuntime/7.29.0"
::1 - - [25/May/2022:22:48:33 +0000] "GET /users/findByName?filter=Jonh HTTP/1.1" 200 22 "-" "PostmanRuntime/7.29.0"
::1 - - [25/May/2022:22:55:08 +0000] "POST /users HTTP/1.1" 200 167 "-" "PostmanRuntime/7.29.0"
::1 - - [25/May/2022:23:00:11 +0000] "POST /users HTTP/1.1" 200 205 "-" "PostmanRuntime/7.29.0"
::1 - - [25/May/2022:23:04:14 +0000] "POST /users HTTP/1.1" 200 207 "-" "PostmanRuntime/7.29.0"
::1 - - [25/May/2022:23:13:53 +0000] "PUT /users HTTP/1.1" 200 287 "-" "PostmanRuntime/7.29.0"
::1 - - [25/May/2022:23:16:51 +0000] "POST /users HTTP/1.1" 200 345 "-" "PostmanRuntime/7.29.0"
::1 - - [25/May/2022:23:24:35 +0000] "POST /users HTTP/1.1" 200 140
::1 - - [25/May/2022:23:25:02 +0000] "GET /users/findByName?filter=L%C3%BD HTTP/1.1" 200 22
::1 - - [25/May/2022:23:25:17 +0000] "GET /users/findByName?filter=L%C3%BD%20Quang HTTP/1.1" 200 22
::1 - - [25/May/2022:23:25:58 +0000] "GET /users/findByName?filter=L%C3%BD%20Quang HTTP/1.1" 200 22
::1 - - [25/May/2022:23:26:20 +0000] "GET /users?limit=10&skip=0 HTTP/1.1" 200 2326
::1 - - [25/May/2022:23:47:16 +0000] "GET /users/findByName?filter=%C3%94ng%20gi%C3%A0 HTTP/1.1" 200 22
::1 - - [25/May/2022:23:48:22 +0000] "GET /users/findByName?filter=gi%C3%A0 HTTP/1.1" 200 22
::1 - - [25/May/2022:23:49:32 +0000] "GET /users/findByName?filter=gi%C3%A0 HTTP/1.1" 200 22
::1 - - [25/May/2022:23:52:46 +0000] "GET /users/findByName?filter=gi%C3%A0 HTTP/1.1" 200 22
::1 - - [25/May/2022:23:53:48 +0000] "GET /users/findByName?filter=gi%C3%A0 HTTP/1.1" 200 22
::1 - - [26/May/2022:00:00:08 +0000] "GET /users/findByName?filter=gi%C3%A0 HTTP/1.1" 200 319
::1 - - [26/May/2022:00:02:52 +0000] "GET /users?limit=10&skip=0 HTTP/1.1" 200 2326
::1 - - [26/May/2022:00:04:11 +0000] "PUT /users HTTP/1.1" 200 202
::1 - - [26/May/2022:00:04:57 +0000] "GET /users/findByName?filter=L%C3%BD HTTP/1.1" 200 22
::1 - - [26/May/2022:00:05:30 +0000] "GET /users/findByName?filter=L%C3%BD HTTP/1.1" 200 319
::1 - - [26/May/2022:00:05:44 +0000] "GET /users?limit=10&skip=0 HTTP/1.1" 200 2273
::1 - - [26/May/2022:00:06:06 +0000] "GET /users/findByName?filter=L%C3%BD HTTP/1.1" 200 319
::1 - - [26/May/2022:00:07:57 +0000] "GET /users/findByName?filter=L%C3%BD HTTP/1.1" 200 522
::1 - - [27/May/2022:15:08:53 +0000] "GET /users?limit=7&skip=3 HTTP/1.1" 200 1563
::1 - - [27/May/2022:15:09:34 +0000] "GET /users?limit=20&skip=3 HTTP/1.1" 200 4277
::1 - - [27/May/2022:15:11:59 +0000] "GET /users/findByName?filter=L%C3%BD HTTP/1.1" 200 522
::1 - - [27/May/2022:15:14:14 +0000] "GET /users/findByName?filter=%C3%B4ng HTTP/1.1" 200 22
::1 - - [27/May/2022:15:16:22 +0000] "GET /users/findByName?filter=%C3%94ng HTTP/1.1" 200 22
::1 - - [29/May/2022:04:08:13 +0000] "GET /users?limit=10&skip=0&orderBy=-createdAt HTTP/1.1" 500 1288
::1 - - [29/May/2022:04:11:59 +0000] "GET /users?limit=10&skip=0&orderBy=-createdAt HTTP/1.1" 500 1288
::1 - - [29/May/2022:04:13:25 +0000] "GET /users?limit=10&skip=0&orderBy=-createdAt HTTP/1.1" 500 1288
::1 - - [29/May/2022:04:25:35 +0000] "GET /users?limit=10&skip=0&orderBy=-createdAt HTTP/1.1" 500 1246
::1 - - [29/May/2022:04:27:04 +0000] "GET /users?limit=10&skip=0&orderBy=-createdAt HTTP/1.1" 500 1245
::1 - - [29/May/2022:04:28:12 +0000] "GET /users?limit=10&skip=0&orderBy=-createdAt HTTP/1.1" 500 1239
::1 - - [29/May/2022:04:30:28 +0000] "GET /users?limit=10&skip=0&orderBy=-createdAt HTTP/1.1" 200 22
::1 - - [29/May/2022:04:35:54 +0000] "GET /users?limit=10&skip=0&orderBy=-createdAt HTTP/1.1" 200 22
::1 - - [29/May/2022:04:39:04 +0000] "GET /users?limit=10&skip=0&orderBy=-createdAt HTTP/1.1" 200 22
::1 - - [29/May/2022:04:51:37 +0000] "GET /users?limit=10&skip=0&orderBy=-createdAt HTTP/1.1" 200 22
::1 - - [29/May/2022:04:59:42 +0000] "GET /users?limit=10&skip=0&orderBy=-createdAt HTTP/1.1" 200 22
::1 - - [29/May/2022:05:00:20 +0000] "GET /users?limit=10&skip=0&orderBy=-createdAt HTTP/1.1" 200 22
::1 - - [29/May/2022:05:01:12 +0000] "GET /users?limit=10&skip=0&orderBy=-createdAt HTTP/1.1" 200 22
::1 - - [29/May/2022:05:04:52 +0000] "GET /users?limit=10&skip=0&orderBy=-createdAt HTTP/1.1" 200 22
::1 - - [29/May/2022:05:07:19 +0000] "GET /users?limit=10&skip=0&orderBy=-createdAt HTTP/1.1" 200 22
::1 - - [29/May/2022:05:21:06 +0000] "GET /users?limit=10&skip=0&orderBy=-createdAt HTTP/1.1" 200 4986
::1 - - [29/May/2022:05:23:09 +0000] "GET /users?limit=10&skip=0&orderBy=-createdAt HTTP/1.1" 200 2273
::1 - - [29/May/2022:05:27:56 +0000] "GET /users?limit=10&skip=0&orderBy=-createdAt HTTP/1.1" 200 2440
::1 - - [29/May/2022:05:28:20 +0000] "GET /users?limit=20&skip=10&orderBy=-createdAt HTTP/1.1" 200 1248
::1 - - [29/May/2022:10:47:51 +0000] "POST /users HTTP/1.1" 200 50
::1 - - [29/May/2022:10:51:34 +0000] "POST /users HTTP/1.1" 200 50
::1 - - [29/May/2022:10:54:36 +0000] "POST /users HTTP/1.1" 200 52
::1 - - [29/May/2022:10:55:05 +0000] "POST /users HTTP/1.1" 200 52
::1 - - [29/May/2022:15:02:09 +0000] "GET /artists?skip=0&limit=10&orderBy=year_born HTTP/1.1" 200 1195
::1 - - [29/May/2022:15:04:05 +0000] "GET /artists?skip=0&limit=10&orderBy=year_born HTTP/1.1" 200 1107
::1 - - [29/May/2022:15:33:34 +0000] "GET /artwork HTTP/1.1" 404 146
::1 - - [29/May/2022:15:33:45 +0000] "GET /artworks HTTP/1.1" 200 22
::1 - - [29/May/2022:15:40:21 +0000] "GET /artworks HTTP/1.1" 200 22
::1 - - [29/May/2022:15:41:38 +0000] "GET /artworks HTTP/1.1" 200 22
::1 - - [29/May/2022:15:43:28 +0000] "GET /artworks HTTP/1.1" 200 22
::1 - - [29/May/2022:15:44:01 +0000] "GET /artworks HTTP/1.1" 200 22
::1 - - [29/May/2022:15:44:23 +0000] "GET /artworks HTTP/1.1" 200 22
::1 - - [29/May/2022:15:46:26 +0000] "GET /artworks HTTP/1.1" 200 22
::1 - - [29/May/2022:15:50:27 +0000] "GET /artworks HTTP/1.1" 500 1320
::1 - - [29/May/2022:15:53:38 +0000] "GET /artworks HTTP/1.1" 200 11
::1 - - [29/May/2022:15:54:04 +0000] "GET /artworks HTTP/1.1" 200 11
::1 - - [29/May/2022:15:54:20 +0000] "GET /artworks HTTP/1.1" 200 11
::1 - - [29/May/2022:15:57:19 +0000] "GET /artworks HTTP/1.1" 200 22
::1 - - [29/May/2022:16:18:45 +0000] "GET /artworks?skip=0&limit=10&orderBy=-year HTTP/1.1" 200 22
::1 - - [29/May/2022:16:21:16 +0000] "GET /artworks?skip=0&limit=10&orderBy=-year HTTP/1.1" 200 22
::1 - - [29/May/2022:16:22:50 +0000] "GET /artworks?skip=0&limit=10&orderBy=-year HTTP/1.1" 200 22
::1 - - [29/May/2022:16:27:57 +0000] "GET /artists?skip=0&limit=10&orderBy=year_born HTTP/1.1" 200 1107
::1 - - [29/May/2022:16:28:30 +0000] "GET /artworks?skip=0&limit=10&orderBy=-year HTTP/1.1" 200 22
::1 - - [29/May/2022:16:35:48 +0000] "GET /artworks?skip=0&limit=10&orderBy=-year HTTP/1.1" 200 22
::1 - - [29/May/2022:16:42:09 +0000] "GET /artists/aggregate HTTP/1.1" 200 360
::1 - - [29/May/2022:16:43:42 +0000] "GET /artworks?skip=0&limit=10&orderBy=-year HTTP/1.1" 200 22
::1 - - [29/May/2022:16:44:31 +0000] "GET /artworks/aggregate HTTP/1.1" 200 22
::1 - - [29/May/2022:16:44:47 +0000] "GET /artworks/aggregate HTTP/1.1" 200 22
::1 - - [29/May/2022:16:45:18 +0000] "GET /artists/aggregate HTTP/1.1" 200 1312
::1 - - [29/May/2022:16:47:08 +0000] "GET /artists/aggregate HTTP/1.1" 200 1312
::1 - - [29/May/2022:16:54:23 +0000] "GET /artworks/aggregate HTTP/1.1" 404 157
::1 - - [29/May/2022:16:55:00 +0000] "GET /artworks/aggregate HTTP/1.1" 404 157
::1 - - [29/May/2022:16:56:37 +0000] "GET /artworks/aggregate HTTP/1.1" 404 157
::1 - - [29/May/2022:16:58:00 +0000] "GET /artworks/aggregate HTTP/1.1" 200 1312
::1 - - [29/May/2022:16:59:09 +0000] "GET /artworks/aggregate HTTP/1.1" 200 1312
::1 - - [29/May/2022:16:59:26 +0000] "GET /artworks/aggregate HTTP/1.1" 200 1312
::1 - - [29/May/2022:16:59:58 +0000] "GET /artworks/aggregate HTTP/1.1" 200 1523
