::1 - - [29/May/2022:17:00:43 +0000] "GET /artworks/aggregate HTTP/1.1" 200 345
::1 - - [30/May/2022:13:35:57 +0000] "GET /artists?skip=0&limit=15&orderBy=year_born HTTP/1.1" 200 1107
::1 - - [30/May/2022:13:36:05 +0000] "GET /artists?skip=0&limit=5&orderBy=year_born HTTP/1.1" 200 704
::1 - - [30/May/2022:13:36:16 +0000] "GET /artists?skip=0&limit=5&orderBy=-year_born HTTP/1.1" 200 699
::1 - - [30/May/2022:13:36:38 +0000] "GET /artists/aggregate HTTP/1.1" 200 1524
::1 - - [30/May/2022:13:37:01 +0000] "GET /artworks/aggregate HTTP/1.1" 200 345
::1 - - [30/May/2022:14:12:46 +0000] "GET /artworks/findByTitle?filter=llar HTTP/1.1" 200 343
::1 - - [30/May/2022:14:17:18 +0000] "GET /artists/findByName?filter=a HTTP/1.1" 200 138
::1 - - [30/May/2022:14:17:41 +0000] "GET /artists/findByName?filter=Edvard HTTP/1.1" 200 2
::1 - - [30/May/2022:14:18:42 +0000] "GET /artists/findByName?filter=Edvard HTTP/1.1" 200 270
::1 - - [30/May/2022:14:20:11 +0000] "GET /artists/findByName?filter=France HTTP/1.1" 200 269
::1 - - [30/May/2022:14:22:05 +0000] "GET /artists/findByName?filter=France HTTP/1.1" 200 135
::1 - - [30/May/2022:14:22:49 +0000] "GET /artists/findByName?filter=a HTTP/1.1" 200 404
::1 - - [30/May/2022:14:26:33 +0000] "GET /artists/findByName?filter=a HTTP/1.1" 200 404
::1 - - [30/May/2022:14:27:18 +0000] "GET /artists/findByName?filter=a HTTP/1.1" 200 404
::1 - - [30/May/2022:14:34:24 +0000] "POST /artists/updateById?id=6290e1575935aeaf9db386a1 HTTP/1.1" 404 158
::1 - - [30/May/2022:14:35:03 +0000] "POST /artists/updateById?id=6290e1575935aeaf9db386a1 HTTP/1.1" 404 158
::1 - - [30/May/2022:14:35:13 +0000] "POST /artists/updateById HTTP/1.1" 404 158
::1 - - [30/May/2022:14:39:21 +0000] "POST /artists/updateById HTTP/1.1" 200 11
::1 - - [30/May/2022:14:42:57 +0000] "POST /artists/updateById HTTP/1.1" 200 11
::1 - - [30/May/2022:14:49:41 +0000] "POST /artists/updateById HTTP/1.1" 200 11
::1 - - [30/May/2022:14:59:53 +0000] "POST /artists/updateById HTTP/1.1" 200 11
::1 - - [02/Jun/2022:22:47:32 +0000] "GET /artists?skip=0&limit=5&orderBy=-year_born HTTP/1.1" 200 740
::1 - - [02/Jun/2022:22:47:39 +0000] "GET /artists/aggregate HTTP/1.1" 200 1565
::1 - - [02/Jun/2022:23:03:34 +0000] "GET /d%C3%B3c HTTP/1.1" 404 147
::1 - - [02/Jun/2022:23:03:38 +0000] "GET /docs HTTP/1.1" 301 175
::1 - - [02/Jun/2022:23:03:38 +0000] "GET /docs/ HTTP/1.1" 200 3103
::1 - - [02/Jun/2022:23:03:38 +0000] "GET /docs/swagger-ui-init.js HTTP/1.1" 200 1644
::1 - - [02/Jun/2022:23:03:38 +0000] "GET /docs/swagger-ui.css HTTP/1.1" 200 143980
::1 - - [02/Jun/2022:23:03:38 +0000] "GET /docs/swagger-ui-standalone-preset.js HTTP/1.1" 200 339540
::1 - - [02/Jun/2022:23:03:38 +0000] "GET /docs/swagger-ui-bundle.js HTTP/1.1" 200 1096221
::1 - - [02/Jun/2022:23:03:38 +0000] "GET /docs/favicon-32x32.png HTTP/1.1" 200 628
::1 - - [02/Jun/2022:23:04:07 +0000] "GET /docs/ HTTP/1.1" 304 -
::1 - - [02/Jun/2022:23:04:07 +0000] "GET /docs/swagger-ui.css HTTP/1.1" 304 -
::1 - - [02/Jun/2022:23:04:07 +0000] "GET /docs/swagger-ui-standalone-preset.js HTTP/1.1" 304 -
::1 - - [02/Jun/2022:23:04:07 +0000] "GET /docs/swagger-ui-bundle.js HTTP/1.1" 304 -
::1 - - [02/Jun/2022:23:04:07 +0000] "GET /docs/swagger-ui-init.js HTTP/1.1" 200 1644
::1 - - [02/Jun/2022:23:04:07 +0000] "GET /docs/favicon-32x32.png HTTP/1.1" 304 -
::1 - - [02/Jun/2022:23:25:05 +0000] "GET /artists/aggregate HTTP/1.1" 200 2096
::1 - - [02/Jun/2022:23:31:41 +0000] "GET /api/artists/aggregate HTTP/1.1" 200 2096
::1 - - [02/Jun/2022:23:31:50 +0000] "GET /api/artists?skip=0&limit=5&orderBy=-year_born HTTP/1.1" 200 795
::1 - - [03/Jun/2022:03:09:53 +0000] "GET /docs/ HTTP/1.1" 304 -
::1 - - [03/Jun/2022:03:09:53 +0000] "GET /docs/swagger-ui.css HTTP/1.1" 304 -
::1 - - [03/Jun/2022:03:09:53 +0000] "GET /docs/swagger-ui-bundle.js HTTP/1.1" 304 -
::1 - - [03/Jun/2022:03:09:53 +0000] "GET /docs/swagger-ui-init.js HTTP/1.1" 200 1607
::1 - - [03/Jun/2022:03:09:53 +0000] "GET /docs/swagger-ui-standalone-preset.js HTTP/1.1" 304 -
::1 - - [03/Jun/2022:03:09:53 +0000] "GET /docs/favicon-32x32.png HTTP/1.1" 304 -
::1 - - [03/Jun/2022:03:10:04 +0000] "GET /docs/ HTTP/1.1" 304 -
::1 - - [03/Jun/2022:03:10:04 +0000] "GET /docs/swagger-ui.css HTTP/1.1" 304 -
::1 - - [03/Jun/2022:03:10:04 +0000] "GET /docs/swagger-ui-bundle.js HTTP/1.1" 304 -
::1 - - [03/Jun/2022:03:10:04 +0000] "GET /docs/swagger-ui-standalone-preset.js HTTP/1.1" 304 -
::1 - - [03/Jun/2022:03:10:04 +0000] "GET /docs/swagger-ui-init.js HTTP/1.1" 304 -
::1 - - [03/Jun/2022:03:10:05 +0000] "GET /docs/favicon-32x32.png HTTP/1.1" 304 -
::1 - - [03/Jun/2022:13:23:58 +0000] "PUT /api/artists/addNewArtist HTTP/1.1" 200 22
::1 - - [03/Jun/2022:13:24:36 +0000] "PUT /api/artists/addNewArtist HTTP/1.1" 200 22
::1 - - [03/Jun/2022:13:25:46 +0000] "PUT /api/artists/addNewArtist HTTP/1.1" 200 114
::1 - - [03/Jun/2022:13:46:03 +0000] "GET /api/artists/findByName?filter=a HTTP/1.1" 200 448
::1 - - [03/Jun/2022:13:47:08 +0000] "GET /api/artworks/findByTitle?filter=llar HTTP/1.1" 200 343
::1 - - [03/Jun/2022:13:47:37 +0000] "GET /api/artists/aggregate HTTP/1.1" 200 1607
::1 - - [03/Jun/2022:13:48:08 +0000] "GET /api/artworks/aggregate HTTP/1.1" 200 677
::1 - - [03/Jun/2022:14:10:13 +0000] "PUT /api/artworks/addNewArtwork HTTP/1.1" 200 334
::1 - - [03/Jun/2022:14:11:52 +0000] "GET /api/artworks/aggregate HTTP/1.1" 200 677
::1 - - [03/Jun/2022:14:16:55 +0000] "PUT /api/artworks/addNewArtwork HTTP/1.1" 200 334
::1 - - [03/Jun/2022:14:17:40 +0000] "GET /api/artworks/aggregate HTTP/1.1" 200 1340
::1 - - [03/Jun/2022:14:18:51 +0000] "GET /api/artworks/aggregate HTTP/1.1" 200 1654
::1 - - [03/Jun/2022:14:27:18 +0000] "DELETE /api/artworks/deleteById?artworkId=l629a17d75c2b39373c77d732 HTTP/1.1" 200 38
::1 - - [03/Jun/2022:14:28:13 +0000] "DELETE /api/artworks/deleteById?artworkId=l629a17d75c2b39373c77d732 HTTP/1.1" 200 38
::1 - - [03/Jun/2022:14:28:51 +0000] "DELETE /api/artworks/deleteById?artworkId=l629a17d75c2b39373c77d732 HTTP/1.1" 200 38
::1 - - [03/Jun/2022:14:32:28 +0000] "DELETE /api/artworks/deleteById?artworkId=629a17d75c2b39373c77d732 HTTP/1.1" 200 38
::1 - - [03/Jun/2022:14:38:28 +0000] "POST /api/artworks/update HTTP/1.1" 200 92
::1 - - [13/Jun/2022:08:42:41 +0000] "GET /artists?skip=0&take=10 HTTP/1.1" 404 146
::1 - - [13/Jun/2022:08:42:41 +0000] "GET /artists?skip=0&take=10 HTTP/1.1" 404 146
::1 - - [13/Jun/2022:08:43:06 +0000] "GET /artists?skip=0&take=10 HTTP/1.1" 404 146
::1 - - [13/Jun/2022:08:43:06 +0000] "GET /artists?skip=0&take=10 HTTP/1.1" 404 146
::1 - - [13/Jun/2022:08:43:53 +0000] "GET /api/artists?skip=0&limit=5&orderBy=-year_born HTTP/1.1" 200 765
::1 - - [13/Jun/2022:08:44:42 +0000] "GET /artists?skip=0&take=10 HTTP/1.1" 404 146
::1 - - [13/Jun/2022:08:44:42 +0000] "GET /artists?skip=0&take=10 HTTP/1.1" 404 146
::1 - - [13/Jun/2022:08:44:47 +0000] "GET /api/artists?skip=0&limit=10 HTTP/1.1" 200 1206
::1 - - [13/Jun/2022:08:44:47 +0000] "GET /api/artists?skip=0&limit=10 HTTP/1.1" 200 1206
::1 - - [13/Jun/2022:08:50:43 +0000] "GET /api/artists?skip=0&limit=5&orderBy=-year_born HTTP/1.1" 200 765
::1 - - [13/Jun/2022:08:50:53 +0000] "GET /api/artists?skip=0&limit=5&orderBy=-year_born HTTP/1.1" 200 765
::1 - - [13/Jun/2022:08:50:53 +0000] "GET /favicon.ico HTTP/1.1" 404 150
::1 - - [13/Jun/2022:08:51:19 +0000] "GET /api/artists?skip=0&limit=10 HTTP/1.1" 200 1206
::1 - - [13/Jun/2022:08:51:19 +0000] "GET /api/artists?skip=0&limit=10 HTTP/1.1" 304 -
::1 - - [13/Jun/2022:08:51:27 +0000] "GET /api/artists?skip=0&limit=10 HTTP/1.1" 304 -
::1 - - [13/Jun/2022:08:51:27 +0000] "GET /api/artists?skip=0&limit=10 HTTP/1.1" 304 -
::1 - - [13/Jun/2022:08:52:53 +0000] "GET /api/artists?skip=0&limit=10 HTTP/1.1" 304 -
::1 - - [13/Jun/2022:08:52:53 +0000] "GET /api/artists?skip=0&limit=10 HTTP/1.1" 304 -
::1 - - [13/Jun/2022:08:54:12 +0000] "GET /api/artists?skip=0&limit=10 HTTP/1.1" 304 -
::1 - - [13/Jun/2022:08:54:12 +0000] "GET /api/artists?skip=0&limit=10 HTTP/1.1" 304 -
::1 - - [13/Jun/2022:08:54:12 +0000] "GET /api/artists?skip=0&limit=10 HTTP/1.1" 304 -
::1 - - [13/Jun/2022:08:54:12 +0000] "GET /api/artists?skip=0&limit=10 HTTP/1.1" 304 -
::1 - - [13/Jun/2022:08:54:27 +0000] "GET /api/artists?skip=0&limit=10 HTTP/1.1" 304 -
::1 - - [13/Jun/2022:08:54:27 +0000] "GET /api/artists?skip=0&limit=10 HTTP/1.1" 304 -
::1 - - [13/Jun/2022:08:54:31 +0000] "GET /api/artists?skip=0&limit=10 HTTP/1.1" 304 -
::1 - - [13/Jun/2022:08:54:31 +0000] "GET /api/artists?skip=0&limit=10 HTTP/1.1" 304 -
::1 - - [13/Jun/2022:09:01:31 +0000] "GET /api/artists?skip=0&limit=10 HTTP/1.1" 304 -
::1 - - [13/Jun/2022:09:01:31 +0000] "GET /api/artists?skip=0&limit=10 HTTP/1.1" 304 -
::1 - - [13/Jun/2022:09:01:31 +0000] "GET /api/artists?skip=0&limit=10 HTTP/1.1" 304 -
::1 - - [13/Jun/2022:09:01:31 +0000] "GET /api/artists?skip=0&limit=10 HTTP/1.1" 304 -
::1 - - [13/Jun/2022:09:01:43 +0000] "GET /api/artists?skip=0&limit=10 HTTP/1.1" 304 -
::1 - - [13/Jun/2022:09:01:43 +0000] "GET /api/artists?skip=0&limit=10 HTTP/1.1" 304 -
::1 - - [13/Jun/2022:09:07:43 +0000] "GET /api/artists?skip=0&limit=10 HTTP/1.1" 304 -
::1 - - [13/Jun/2022:09:07:43 +0000] "GET /api/artists?skip=0&limit=10 HTTP/1.1" 304 -
::1 - - [13/Jun/2022:09:07:43 +0000] "GET /api/artists?skip=0&limit=10 HTTP/1.1" 304 -
::1 - - [13/Jun/2022:09:07:43 +0000] "GET /api/artists?skip=0&limit=10 HTTP/1.1" 304 -
::1 - - [13/Jun/2022:09:08:00 +0000] "GET /api/artists?skip=0&limit=10 HTTP/1.1" 304 -
::1 - - [13/Jun/2022:09:08:00 +0000] "GET /api/artists?skip=0&limit=10 HTTP/1.1" 304 -
::1 - - [13/Jun/2022:09:08:00 +0000] "GET /api/artists?skip=0&limit=10 HTTP/1.1" 304 -
::1 - - [13/Jun/2022:09:08:00 +0000] "GET /api/artists?skip=0&limit=10 HTTP/1.1" 304 -
::1 - - [13/Jun/2022:09:08:21 +0000] "GET /api/artists?skip=0&limit=10 HTTP/1.1" 304 -
::1 - - [13/Jun/2022:09:08:21 +0000] "GET /api/artists?skip=0&limit=10 HTTP/1.1" 304 -
::1 - - [13/Jun/2022:09:08:21 +0000] "GET /api/artists?skip=0&limit=10 HTTP/1.1" 304 -
::1 - - [13/Jun/2022:09:08:21 +0000] "GET /api/artists?skip=0&limit=10 HTTP/1.1" 304 -
::1 - - [13/Jun/2022:09:09:37 +0000] "GET /api/artists?skip=0&limit=10 HTTP/1.1" 304 -
::1 - - [13/Jun/2022:09:09:37 +0000] "GET /api/artists?skip=0&limit=10 HTTP/1.1" 304 -
::1 - - [13/Jun/2022:09:09:37 +0000] "GET /api/artists?skip=0&limit=10 HTTP/1.1" 304 -
::1 - - [13/Jun/2022:09:09:37 +0000] "GET /api/artists?skip=0&limit=10 HTTP/1.1" 304 -
::1 - - [13/Jun/2022:09:10:29 +0000] "GET /api/artists?skip=0&limit=10 HTTP/1.1" 304 -
::1 - - [13/Jun/2022:09:10:29 +0000] "GET /api/artists?skip=0&limit=10 HTTP/1.1" 304 -
::1 - - [13/Jun/2022:09:10:29 +0000] "GET /api/artists?skip=0&limit=10 HTTP/1.1" 304 -
::1 - - [13/Jun/2022:09:10:29 +0000] "GET /api/artists?skip=0&limit=10 HTTP/1.1" 304 -
::1 - - [13/Jun/2022:09:10:42 +0000] "GET /api/artists?skip=0&limit=10 HTTP/1.1" 304 -
::1 - - [13/Jun/2022:09:10:42 +0000] "GET /api/artists?skip=0&limit=10 HTTP/1.1" 304 -
::1 - - [13/Jun/2022:09:10:42 +0000] "GET /api/artists?skip=0&limit=10 HTTP/1.1" 304 -
::1 - - [13/Jun/2022:09:10:42 +0000] "GET /api/artists?skip=0&limit=10 HTTP/1.1" 304 -
::1 - - [13/Jun/2022:09:11:08 +0000] "GET /api/artists?skip=0&limit=10 HTTP/1.1" 304 -
::1 - - [13/Jun/2022:09:11:08 +0000] "GET /api/artists?skip=0&limit=10 HTTP/1.1" 304 -
::1 - - [13/Jun/2022:09:11:08 +0000] "GET /api/artists?skip=0&limit=10 HTTP/1.1" 304 -
::1 - - [13/Jun/2022:09:11:08 +0000] "GET /api/artists?skip=0&limit=10 HTTP/1.1" 304 -
::1 - - [13/Jun/2022:09:13:07 +0000] "GET /api/artists?skip=0&limit=10 HTTP/1.1" 304 -
::1 - - [13/Jun/2022:09:13:07 +0000] "GET /api/artists?skip=0&limit=10 HTTP/1.1" 304 -
::1 - - [13/Jun/2022:09:13:07 +0000] "GET /api/artists?skip=0&limit=10 HTTP/1.1" 304 -
::1 - - [13/Jun/2022:09:13:07 +0000] "GET /api/artists?skip=0&limit=10 HTTP/1.1" 304 -
::1 - - [13/Jun/2022:09:13:20 +0000] "GET /api/artists?skip=0&limit=10 HTTP/1.1" 304 -
::1 - - [13/Jun/2022:09:13:20 +0000] "GET /api/artists?skip=0&limit=10 HTTP/1.1" 304 -
::1 - - [13/Jun/2022:09:13:20 +0000] "GET /api/artists?skip=0&limit=10 HTTP/1.1" 304 -
::1 - - [13/Jun/2022:09:13:20 +0000] "GET /api/artists?skip=0&limit=10 HTTP/1.1" 304 -
::1 - - [13/Jun/2022:09:17:54 +0000] "GET /api/artists?skip=0&limit=10 HTTP/1.1" 304 -
::1 - - [13/Jun/2022:09:17:54 +0000] "GET /api/artists?skip=0&limit=10 HTTP/1.1" 304 -
::1 - - [13/Jun/2022:09:17:54 +0000] "GET /api/artists?skip=0&limit=10 HTTP/1.1" 304 -
::1 - - [13/Jun/2022:09:17:54 +0000] "GET /api/artists?skip=0&limit=10 HTTP/1.1" 304 -
::1 - - [13/Jun/2022:09:18:26 +0000] "GET /api/artists?skip=0&limit=10 HTTP/1.1" 304 -
::1 - - [13/Jun/2022:09:18:26 +0000] "GET /api/artists?skip=0&limit=10 HTTP/1.1" 304 -
::1 - - [13/Jun/2022:09:18:26 +0000] "GET /api/artists?skip=0&limit=10 HTTP/1.1" 304 -
::1 - - [13/Jun/2022:09:18:26 +0000] "GET /api/artists?skip=0&limit=10 HTTP/1.1" 304 -
::1 - - [13/Jun/2022:09:18:32 +0000] "GET /api/artists?skip=0&limit=10 HTTP/1.1" 304 -
::1 - - [13/Jun/2022:09:18:33 +0000] "GET /api/artists?skip=10&limit=10 HTTP/1.1" 200 22
::1 - - [13/Jun/2022:09:19:33 +0000] "GET /api/artists?skip=0&limit=10 HTTP/1.1" 304 -
::1 - - [13/Jun/2022:09:19:33 +0000] "GET /api/artists?skip=0&limit=10 HTTP/1.1" 304 -
::1 - - [13/Jun/2022:09:19:33 +0000] "GET /api/artists?skip=0&limit=10 HTTP/1.1" 304 -
::1 - - [13/Jun/2022:09:19:33 +0000] "GET /api/artists?skip=0&limit=10 HTTP/1.1" 304 -
::1 - - [13/Jun/2022:09:19:38 +0000] "GET /api/artists?skip=10&limit=10 HTTP/1.1" 304 -
::1 - - [13/Jun/2022:09:20:49 +0000] "GET /api/artists?skip=0&limit=10 HTTP/1.1" 304 -
::1 - - [13/Jun/2022:09:20:49 +0000] "GET /api/artists?skip=0&limit=10 HTTP/1.1" 304 -
::1 - - [13/Jun/2022:09:20:49 +0000] "GET /api/artists?skip=0&limit=10 HTTP/1.1" 304 -
::1 - - [13/Jun/2022:09:20:49 +0000] "GET /api/artists?skip=0&limit=10 HTTP/1.1" 304 -
::1 - - [13/Jun/2022:09:20:53 +0000] "GET /api/artists?skip=10&limit=10 HTTP/1.1" 304 -
::1 - - [13/Jun/2022:09:20:54 +0000] "GET /api/artists?skip=0&limit=10 HTTP/1.1" 304 -
::1 - - [13/Jun/2022:09:20:55 +0000] "GET /api/artists?skip=10&limit=10 HTTP/1.1" 304 -
::1 - - [13/Jun/2022:09:21:03 +0000] "GET /api/artists?skip=10&limit=10 HTTP/1.1" 304 -
::1 - - [13/Jun/2022:09:21:06 +0000] "GET /api/artists?skip=0&limit=10 HTTP/1.1" 304 -
::1 - - [13/Jun/2022:09:21:12 +0000] "GET /api/artists?skip=0&limit=10 HTTP/1.1" 304 -
::1 - - [13/Jun/2022:09:21:12 +0000] "GET /api/artists?skip=0&limit=10 HTTP/1.1" 304 -
::1 - - [13/Jun/2022:09:21:15 +0000] "GET /api/artists?skip=10&limit=10 HTTP/1.1" 304 -
::1 - - [13/Jun/2022:09:21:27 +0000] "GET /api/artists?skip=0&limit=10 HTTP/1.1" 304 -
::1 - - [13/Jun/2022:09:21:28 +0000] "GET /api/artists?skip=0&limit=10 HTTP/1.1" 304 -
::1 - - [13/Jun/2022:09:21:28 +0000] "GET /api/artists?skip=0&limit=10 HTTP/1.1" 304 -
::1 - - [13/Jun/2022:09:21:28 +0000] "GET /api/artists?skip=0&limit=10 HTTP/1.1" 304 -
::1 - - [13/Jun/2022:09:21:42 +0000] "GET /api/artists?skip=10&limit=10 HTTP/1.1" 304 -
::1 - - [13/Jun/2022:09:21:44 +0000] "GET /api/artists?skip=0&limit=10 HTTP/1.1" 304 -
::1 - - [13/Jun/2022:09:22:03 +0000] "GET /api/artists?skip=0&limit=5 HTTP/1.1" 200 759
::1 - - [13/Jun/2022:09:22:03 +0000] "GET /api/artists?skip=0&limit=5 HTTP/1.1" 304 -
::1 - - [13/Jun/2022:09:22:03 +0000] "GET /api/artists?skip=0&limit=5 HTTP/1.1" 304 -
::1 - - [13/Jun/2022:09:22:03 +0000] "GET /api/artists?skip=0&limit=5 HTTP/1.1" 304 -
::1 - - [13/Jun/2022:09:22:07 +0000] "GET /api/artists?skip=5&limit=5 HTTP/1.1" 200 468
::1 - - [13/Jun/2022:09:22:11 +0000] "GET /api/artists?skip=0&limit=5 HTTP/1.1" 304 -
::1 - - [13/Jun/2022:09:22:13 +0000] "GET /api/artists?skip=5&limit=5 HTTP/1.1" 304 -
::1 - - [13/Jun/2022:09:22:49 +0000] "GET /api/artists?skip=0&limit=5 HTTP/1.1" 304 -
::1 - - [13/Jun/2022:09:22:49 +0000] "GET /api/artists?skip=0&limit=5 HTTP/1.1" 304 -
::1 - - [13/Jun/2022:09:22:49 +0000] "GET /api/artists?skip=0&limit=5 HTTP/1.1" 304 -
::1 - - [13/Jun/2022:09:22:49 +0000] "GET /api/artists?skip=0&limit=5 HTTP/1.1" 304 -
::1 - - [13/Jun/2022:09:23:01 +0000] "GET /api/artists?skip=0&limit=5 HTTP/1.1" 304 -
::1 - - [13/Jun/2022:09:23:01 +0000] "GET /api/artists?skip=0&limit=5 HTTP/1.1" 304 -
::1 - - [13/Jun/2022:09:23:01 +0000] "GET /api/artists?skip=0&limit=5 HTTP/1.1" 304 -
::1 - - [13/Jun/2022:09:23:01 +0000] "GET /api/artists?skip=0&limit=5 HTTP/1.1" 304 -
::1 - - [13/Jun/2022:09:23:07 +0000] "GET /api/artists?skip=5&limit=5 HTTP/1.1" 304 -
::1 - - [13/Jun/2022:09:23:08 +0000] "GET /api/artists?skip=0&limit=5 HTTP/1.1" 304 -
::1 - - [13/Jun/2022:09:23:12 +0000] "GET /api/artists?skip=5&limit=5 HTTP/1.1" 304 -
::1 - - [13/Jun/2022:09:23:13 +0000] "GET /api/artists?skip=0&limit=5 HTTP/1.1" 304 -
::1 - - [13/Jun/2022:09:23:13 +0000] "GET /api/artists?skip=5&limit=5 HTTP/1.1" 304 -
::1 - - [13/Jun/2022:09:23:14 +0000] "GET /api/artists?skip=0&limit=5 HTTP/1.1" 304 -
::1 - - [13/Jun/2022:09:23:15 +0000] "GET /api/artists?skip=5&limit=5 HTTP/1.1" 304 -
::1 - - [13/Jun/2022:09:23:16 +0000] "GET /api/artists?skip=0&limit=5 HTTP/1.1" 304 -
::1 - - [13/Jun/2022:09:23:22 +0000] "GET /api/artists?skip=0&limit=5 HTTP/1.1" 304 -
::1 - - [13/Jun/2022:09:23:22 +0000] "GET /api/artists?skip=0&limit=5 HTTP/1.1" 304 -
::1 - - [13/Jun/2022:09:23:22 +0000] "GET /api/artists?skip=0&limit=5 HTTP/1.1" 304 -
::1 - - [13/Jun/2022:09:23:22 +0000] "GET /api/artists?skip=0&limit=5 HTTP/1.1" 304 -
::1 - - [13/Jun/2022:09:25:14 +0000] "GET /api/artists?skip=0&limit=5 HTTP/1.1" 304 -
::1 - - [13/Jun/2022:09:25:14 +0000] "GET /api/artists?skip=0&limit=5 HTTP/1.1" 304 -
::1 - - [13/Jun/2022:09:25:14 +0000] "GET /api/artists?skip=0&limit=5 HTTP/1.1" 304 -
::1 - - [13/Jun/2022:09:25:14 +0000] "GET /api/artists?skip=0&limit=5 HTTP/1.1" 304 -
::1 - - [13/Jun/2022:09:25:39 +0000] "GET /api/artists?skip=0&limit=5 HTTP/1.1" 304 -
::1 - - [13/Jun/2022:09:25:39 +0000] "GET /api/artists?skip=0&limit=5 HTTP/1.1" 304 -
::1 - - [13/Jun/2022:09:25:40 +0000] "GET /api/artists?skip=0&limit=5 HTTP/1.1" 304 -
::1 - - [13/Jun/2022:09:25:40 +0000] "GET /api/artists?skip=0&limit=5 HTTP/1.1" 304 -
::1 - - [13/Jun/2022:09:25:54 +0000] "GET /api/artists?skip=0&limit=5 HTTP/1.1" 304 -
::1 - - [13/Jun/2022:09:25:54 +0000] "GET /api/artists?skip=0&limit=5 HTTP/1.1" 304 -
::1 - - [13/Jun/2022:09:25:58 +0000] "GET /api/artists?skip=5&limit=5 HTTP/1.1" 304 -
::1 - - [13/Jun/2022:09:25:59 +0000] "GET /api/artists?skip=0&limit=5 HTTP/1.1" 304 -
::1 - - [13/Jun/2022:09:26:00 +0000] "GET /api/artists?skip=5&limit=5 HTTP/1.1" 304 -
::1 - - [13/Jun/2022:09:26:02 +0000] "GET /api/artists?skip=0&limit=5 HTTP/1.1" 304 -
::1 - - [13/Jun/2022:09:26:03 +0000] "GET /api/artists?skip=5&limit=5 HTTP/1.1" 304 -
::1 - - [13/Jun/2022:09:30:49 +0000] "GET /api/artists?skip=0&limit=5 HTTP/1.1" 304 -
::1 - - [13/Jun/2022:09:30:49 +0000] "GET /api/artists?skip=0&limit=5 HTTP/1.1" 304 -
::1 - - [13/Jun/2022:09:30:57 +0000] "GET /api/artists?skip=0&limit=5 HTTP/1.1" 304 -
::1 - - [13/Jun/2022:09:30:57 +0000] "GET /api/artists?skip=0&limit=5 HTTP/1.1" 304 -
::1 - - [13/Jun/2022:09:31:17 +0000] "GET /api/[object%20Object]?skip=0&limit=5 HTTP/1.1" 404 160
::1 - - [13/Jun/2022:09:31:17 +0000] "GET /api/[object%20Object]?skip=0&limit=5 HTTP/1.1" 404 160
::1 - - [13/Jun/2022:09:32:28 +0000] "GET /api/artists?skip=0&limit=5 HTTP/1.1" 304 -
::1 - - [13/Jun/2022:09:32:28 +0000] "GET /api/artists?skip=0&limit=5 HTTP/1.1" 304 -
::1 - - [13/Jun/2022:09:32:30 +0000] "GET /api/artists?skip=5&limit=5 HTTP/1.1" 304 -
::1 - - [13/Jun/2022:09:32:32 +0000] "GET /api/artists?skip=0&limit=5 HTTP/1.1" 304 -
::1 - - [13/Jun/2022:09:32:33 +0000] "GET /api/artists?skip=5&limit=5 HTTP/1.1" 304 -
::1 - - [13/Jun/2022:09:32:33 +0000] "GET /api/artists?skip=0&limit=5 HTTP/1.1" 304 -
::1 - - [13/Jun/2022:09:34:04 +0000] "GET /api/artists?skip=0&limit=5 HTTP/1.1" 304 -
::1 - - [13/Jun/2022:09:34:04 +0000] "GET /api/artists?skip=0&limit=5 HTTP/1.1" 304 -
::1 - - [13/Jun/2022:09:34:11 +0000] "GET /api/artists?skip=5&limit=5 HTTP/1.1" 304 -
::1 - - [13/Jun/2022:09:34:12 +0000] "GET /api/artists?skip=0&limit=5 HTTP/1.1" 304 -
::1 - - [13/Jun/2022:09:34:13 +0000] "GET /api/artists?skip=5&limit=5 HTTP/1.1" 304 -
::1 - - [13/Jun/2022:09:34:13 +0000] "GET /api/artists?skip=0&limit=5 HTTP/1.1" 304 -
::1 - - [13/Jun/2022:09:35:33 +0000] "GET /api/artists?skip=0&limit=5&orderBy=-year_born HTTP/1.1" 304 -
::1 - - [13/Jun/2022:09:35:34 +0000] "GET /api/artists?skip=0&limit=5&orderBy=-year_born HTTP/1.1" 304 -
::1 - - [13/Jun/2022:12:54:23 +0000] "GET /api/artists?skip=0&limit=5&orderBy=-year_born HTTP/1.1" 200 765
::1 - - [13/Jun/2022:12:54:38 +0000] "GET /api/artists?skip=0&limit=10&orderBy=-year_born HTTP/1.1" 200 1206
